<?xml version="1.0" encoding="UTF-8"?>
<testsuite name="hexlet.code.DifferTest" tests="9" skipped="0" failures="0" errors="0" timestamp="2026-03-01T14:59:15" hostname="laptop" time="0.364">
  <properties/>
  <testcase name="shouldGenerateStylishWhenFormatIsNull()" classname="hexlet.code.DifferTest" time="0.104"/>
  <testcase name="shouldGenerateStylishFromJson()" classname="hexlet.code.DifferTest" time="0.005"/>
  <testcase name="shouldGeneratePlainFromJson()" classname="hexlet.code.DifferTest" time="0.008"/>
  <testcase name="shouldGenerateStylishFromYml()" classname="hexlet.code.DifferTest" time="0.096"/>
  <testcase name="shouldGenerateJsonFromYml()" classname="hexlet.code.DifferTest" time="0.069"/>
  <testcase name="shouldThrowWhenFileNotFound()" classname="hexlet.code.DifferTest" time="0.007"/>
  <testcase name="shouldThrowWhenFormatIsUnsupported()" classname="hexlet.code.DifferTest" time="0.012"/>
  <testcase name="shouldGenerateJsonFromJson()" classname="hexlet.code.DifferTest" time="0.017"/>
  <testcase name="shouldGeneratePlainFromYml()" classname="hexlet.code.DifferTest" time="0.024"/>
  <system-out><![CDATA[]]></system-out>
  <system-err><![CDATA[]]></system-err>
</testsuite>
